#! /usr/bin/vvp
:ivl_version "10.1 (stable)";
:ivl_delay_selection "TYPICAL";
:vpi_time_precision + 0;
:vpi_module "system";
:vpi_module "vhdl_sys";
:vpi_module "v2005_math";
:vpi_module "va_math";
S_0x988bc50 .scope module, "DeltaMod" "DeltaMod" 2 3;
 .timescale 0 0;
    .port_info 0 /INPUT 1 "comp_res"
    .port_info 1 /INPUT 1 "clk"
    .port_info 2 /OUTPUT 8 "counter"
o0x988bd94 .functor BUFZ 1, C4<z>; HiZ drive
v0x988bd30_0 .net "clk", 0 0, o0x988bd94;  0 drivers
o0x988bdac .functor BUFZ 1, C4<z>; HiZ drive
v0x98b3d90_0 .net "comp_res", 0 0, o0x988bdac;  0 drivers
v0x98b3e00_0 .var "counter", 7 0;
E_0x9855e10 .event posedge, v0x988bd30_0;
    .scope S_0x988bc50;
T_0 ;
    %pushi/vec4 0, 0, 8;
    %store/vec4 v0x98b3e00_0, 0, 8;
    %end;
    .thread T_0;
    .scope S_0x988bc50;
T_1 ;
    %wait E_0x9855e10;
    %load/vec4 v0x98b3d90_0;
    %flag_set/vec4 8;
    %jmp/0xz  T_1.0, 8;
    %load/vec4 v0x98b3e00_0;
    %addi 1, 0, 8;
    %assign/vec4 v0x98b3e00_0, 0;
    %jmp T_1.1;
T_1.0 ;
    %load/vec4 v0x98b3e00_0;
    %pad/u 32;
    %cmpi/ne 0, 0, 32;
    %jmp/0xz  T_1.2, 4;
    %load/vec4 v0x98b3e00_0;
    %subi 1, 0, 8;
    %assign/vec4 v0x98b3e00_0, 0;
T_1.2 ;
T_1.1 ;
    %jmp T_1;
    .thread T_1;
# The file index is used to find the file name in the following table.
:file_names 3;
    "N/A";
    "<interactive>";
    "DeltaMod.v";
