Analysis & Synthesis report for LogicaADA
Tue Jun 11 10:39:05 2019
Quartus Prime Version 18.1.0 Build 625 09/12/2018 SJ Lite Edition


---------------------
; Table of Contents ;
---------------------
  1. Legal Notice
  2. Analysis & Synthesis Summary
  3. Analysis & Synthesis Settings
  4. Parallel Compilation
  5. Analysis & Synthesis Source Files Read
  6. Analysis & Synthesis Resource Usage Summary
  7. Analysis & Synthesis Resource Utilization by Entity
  8. Registers Removed During Synthesis
  9. Removed Registers Triggering Further Register Optimizations
 10. General Register Statistics
 11. Parameter Settings for User Entity Instance: PseudoPll:inst1
 12. Parameter Settings for User Entity Instance: OutputEnabler:inst4
 13. Parameter Settings for User Entity Instance: MuxSalida:inst2
 14. Post-Synthesis Netlist Statistics for Top Partition
 15. Elapsed Time Per Partition
 16. Analysis & Synthesis Messages
 17. Analysis & Synthesis Suppressed Messages



----------------
; Legal Notice ;
----------------
Copyright (C) 2018  Intel Corporation. All rights reserved.
Your use of Intel Corporation's design tools, logic functions 
and other software and tools, and its AMPP partner logic 
functions, and any output files from any of the foregoing 
(including device programming or simulation files), and any 
associated documentation or information are expressly subject 
to the terms and conditions of the Intel Program License 
Subscription Agreement, the Intel Quartus Prime License Agreement,
the Intel FPGA IP License Agreement, or other applicable license
agreement, including, without limitation, that your use is for
the sole purpose of programming logic devices manufactured by
Intel and sold by Intel or its authorized distributors.  Please
refer to the applicable agreement for further details.



+----------------------------------------------------------------------------------+
; Analysis & Synthesis Summary                                                     ;
+------------------------------------+---------------------------------------------+
; Analysis & Synthesis Status        ; Successful - Tue Jun 11 10:39:05 2019       ;
; Quartus Prime Version              ; 18.1.0 Build 625 09/12/2018 SJ Lite Edition ;
; Revision Name                      ; LogicaADA                                   ;
; Top-level Entity Name              ; main                                        ;
; Family                             ; Cyclone IV E                                ;
; Total logic elements               ; 0                                           ;
;     Total combinational functions  ; 0                                           ;
;     Dedicated logic registers      ; 0                                           ;
; Total registers                    ; 0                                           ;
; Total pins                         ; 26                                          ;
; Total virtual pins                 ; 0                                           ;
; Total memory bits                  ; 0                                           ;
; Embedded Multiplier 9-bit elements ; 0                                           ;
; Total PLLs                         ; 0                                           ;
+------------------------------------+---------------------------------------------+


+------------------------------------------------------------------------------------------------------------+
; Analysis & Synthesis Settings                                                                              ;
+------------------------------------------------------------------+--------------------+--------------------+
; Option                                                           ; Setting            ; Default Value      ;
+------------------------------------------------------------------+--------------------+--------------------+
; Device                                                           ; EP4CE22F17C6       ;                    ;
; Top-level entity name                                            ; main               ; LogicaADA          ;
; Family name                                                      ; Cyclone IV E       ; Cyclone V          ;
; Use smart compilation                                            ; Off                ; Off                ;
; Enable parallel Assembler and Timing Analyzer during compilation ; On                 ; On                 ;
; Enable compact report table                                      ; Off                ; Off                ;
; Restructure Multiplexers                                         ; Auto               ; Auto               ;
; Create Debugging Nodes for IP Cores                              ; Off                ; Off                ;
; Preserve fewer node names                                        ; On                 ; On                 ;
; Intel FPGA IP Evaluation Mode                                    ; Enable             ; Enable             ;
; Verilog Version                                                  ; Verilog_2001       ; Verilog_2001       ;
; VHDL Version                                                     ; VHDL_1993          ; VHDL_1993          ;
; State Machine Processing                                         ; Auto               ; Auto               ;
; Safe State Machine                                               ; Off                ; Off                ;
; Extract Verilog State Machines                                   ; On                 ; On                 ;
; Extract VHDL State Machines                                      ; On                 ; On                 ;
; Ignore Verilog initial constructs                                ; Off                ; Off                ;
; Iteration limit for constant Verilog loops                       ; 5000               ; 5000               ;
; Iteration limit for non-constant Verilog loops                   ; 250                ; 250                ;
; Add Pass-Through Logic to Inferred RAMs                          ; On                 ; On                 ;
; Infer RAMs from Raw Logic                                        ; On                 ; On                 ;
; Parallel Synthesis                                               ; On                 ; On                 ;
; DSP Block Balancing                                              ; Auto               ; Auto               ;
; NOT Gate Push-Back                                               ; On                 ; On                 ;
; Power-Up Don't Care                                              ; On                 ; On                 ;
; Remove Redundant Logic Cells                                     ; Off                ; Off                ;
; Remove Duplicate Registers                                       ; On                 ; On                 ;
; Ignore CARRY Buffers                                             ; Off                ; Off                ;
; Ignore CASCADE Buffers                                           ; Off                ; Off                ;
; Ignore GLOBAL Buffers                                            ; Off                ; Off                ;
; Ignore ROW GLOBAL Buffers                                        ; Off                ; Off                ;
; Ignore LCELL Buffers                                             ; Off                ; Off                ;
; Ignore SOFT Buffers                                              ; On                 ; On                 ;
; Limit AHDL Integers to 32 Bits                                   ; Off                ; Off                ;
; Optimization Technique                                           ; Balanced           ; Balanced           ;
; Carry Chain Length                                               ; 70                 ; 70                 ;
; Auto Carry Chains                                                ; On                 ; On                 ;
; Auto Open-Drain Pins                                             ; On                 ; On                 ;
; Perform WYSIWYG Primitive Resynthesis                            ; Off                ; Off                ;
; Auto ROM Replacement                                             ; On                 ; On                 ;
; Auto RAM Replacement                                             ; On                 ; On                 ;
; Auto DSP Block Replacement                                       ; On                 ; On                 ;
; Auto Shift Register Replacement                                  ; Auto               ; Auto               ;
; Allow Shift Register Merging across Hierarchies                  ; Auto               ; Auto               ;
; Auto Clock Enable Replacement                                    ; On                 ; On                 ;
; Strict RAM Replacement                                           ; Off                ; Off                ;
; Allow Synchronous Control Signals                                ; On                 ; On                 ;
; Force Use of Synchronous Clear Signals                           ; Off                ; Off                ;
; Auto RAM Block Balancing                                         ; On                 ; On                 ;
; Auto RAM to Logic Cell Conversion                                ; Off                ; Off                ;
; Auto Resource Sharing                                            ; Off                ; Off                ;
; Allow Any RAM Size For Recognition                               ; Off                ; Off                ;
; Allow Any ROM Size For Recognition                               ; Off                ; Off                ;
; Allow Any Shift Register Size For Recognition                    ; Off                ; Off                ;
; Use LogicLock Constraints during Resource Balancing              ; On                 ; On                 ;
; Ignore translate_off and synthesis_off directives                ; Off                ; Off                ;
; Timing-Driven Synthesis                                          ; On                 ; On                 ;
; Report Parameter Settings                                        ; On                 ; On                 ;
; Report Source Assignments                                        ; On                 ; On                 ;
; Report Connectivity Checks                                       ; On                 ; On                 ;
; Ignore Maximum Fan-Out Assignments                               ; Off                ; Off                ;
; Synchronization Register Chain Length                            ; 2                  ; 2                  ;
; Power Optimization During Synthesis                              ; Normal compilation ; Normal compilation ;
; HDL message level                                                ; Level2             ; Level2             ;
; Suppress Register Optimization Related Messages                  ; Off                ; Off                ;
; Number of Removed Registers Reported in Synthesis Report         ; 5000               ; 5000               ;
; Number of Swept Nodes Reported in Synthesis Report               ; 5000               ; 5000               ;
; Number of Inverted Registers Reported in Synthesis Report        ; 100                ; 100                ;
; Clock MUX Protection                                             ; On                 ; On                 ;
; Auto Gated Clock Conversion                                      ; Off                ; Off                ;
; Block Design Naming                                              ; Auto               ; Auto               ;
; SDC constraint protection                                        ; Off                ; Off                ;
; Synthesis Effort                                                 ; Auto               ; Auto               ;
; Shift Register Replacement - Allow Asynchronous Clear Signal     ; On                 ; On                 ;
; Pre-Mapping Resynthesis Optimization                             ; Off                ; Off                ;
; Analysis & Synthesis Message Level                               ; Medium             ; Medium             ;
; Disable Register Merging Across Hierarchies                      ; Auto               ; Auto               ;
; Resource Aware Inference For Block RAM                           ; On                 ; On                 ;
+------------------------------------------------------------------+--------------------+--------------------+


+------------------------------------------+
; Parallel Compilation                     ;
+----------------------------+-------------+
; Processors                 ; Number      ;
+----------------------------+-------------+
; Number detected on machine ; 4           ;
; Maximum allowed            ; 2           ;
;                            ;             ;
; Average used               ; 1.00        ;
; Maximum used               ; 1           ;
;                            ;             ;
; Usage by Processor         ; % Time Used ;
;     Processor 1            ; 100.0%      ;
+----------------------------+-------------+


+----------------------------------------------------------------------------------------------------------------------------------------------------------------------------------------+
; Analysis & Synthesis Source Files Read                                                                                                                                                 ;
+----------------------------------+-----------------+------------------------------------+------------------------------------------------------------------------------------+---------+
; File Name with User-Entered Path ; Used in Netlist ; File Type                          ; File Name with Absolute Path                                                       ; Library ;
+----------------------------------+-----------------+------------------------------------+------------------------------------------------------------------------------------+---------+
; main.bdf                         ; yes             ; User Block Diagram/Schematic File  ; C:/Users/HP/Documents/ITBA/Tercer Año/ASSD/TPs/ASSD-TP3/Quartus/main.bdf           ;         ;
; Sustain.v                        ; yes             ; User Verilog HDL File              ; C:/Users/HP/Documents/ITBA/Tercer Año/ASSD/TPs/ASSD-TP3/Quartus/Sustain.v          ;         ;
; newstart.v                       ; yes             ; Auto-Found Verilog HDL File        ; C:/Users/HP/Documents/ITBA/Tercer Año/ASSD/TPs/ASSD-TP3/Quartus/newstart.v         ;         ;
; mux2.v                           ; yes             ; Auto-Found Verilog HDL File        ; C:/Users/HP/Documents/ITBA/Tercer Año/ASSD/TPs/ASSD-TP3/Quartus/mux2.v             ;         ;
; sar.v                            ; yes             ; Auto-Found Verilog HDL File        ; C:/Users/HP/Documents/ITBA/Tercer Año/ASSD/TPs/ASSD-TP3/Quartus/sar.v              ;         ;
; up_counter_mod34.v               ; yes             ; Auto-Found Verilog HDL File        ; C:/Users/HP/Documents/ITBA/Tercer Año/ASSD/TPs/ASSD-TP3/Quartus/up_counter_mod34.v ;         ;
; pseudopll.v                      ; yes             ; Auto-Found Verilog HDL File        ; C:/Users/HP/Documents/ITBA/Tercer Año/ASSD/TPs/ASSD-TP3/Quartus/pseudopll.v        ;         ;
; outputenabler.v                  ; yes             ; Auto-Found Verilog HDL File        ; C:/Users/HP/Documents/ITBA/Tercer Año/ASSD/TPs/ASSD-TP3/Quartus/outputenabler.v    ;         ;
; muxsalida.v                      ; yes             ; Auto-Found Verilog HDL File        ; C:/Users/HP/Documents/ITBA/Tercer Año/ASSD/TPs/ASSD-TP3/Quartus/muxsalida.v        ;         ;
; deltamod.v                       ; yes             ; Auto-Found Verilog HDL File        ; C:/Users/HP/Documents/ITBA/Tercer Año/ASSD/TPs/ASSD-TP3/Quartus/deltamod.v         ;         ;
+----------------------------------+-----------------+------------------------------------+------------------------------------------------------------------------------------+---------+


+-------------------------------------------------------------------+
; Analysis & Synthesis Resource Usage Summary                       ;
+---------------------------------------------+---------------------+
; Resource                                    ; Usage               ;
+---------------------------------------------+---------------------+
;                                             ;                     ;
; Total combinational functions               ; 0                   ;
; Logic element usage by number of LUT inputs ;                     ;
;     -- 4 input functions                    ; 0                   ;
;     -- 3 input functions                    ; 0                   ;
;     -- <=2 input functions                  ; 0                   ;
;                                             ;                     ;
; Logic elements by mode                      ;                     ;
;     -- normal mode                          ; 0                   ;
;     -- arithmetic mode                      ; 0                   ;
;                                             ;                     ;
; Total registers                             ; 0                   ;
;     -- Dedicated logic registers            ; 0                   ;
;     -- I/O registers                        ; 0                   ;
;                                             ;                     ;
; I/O pins                                    ; 26                  ;
;                                             ;                     ;
; Embedded Multiplier 9-bit elements          ; 0                   ;
;                                             ;                     ;
; Maximum fan-out node                        ; Output_Enable~input ;
; Maximum fan-out                             ; 8                   ;
; Total fan-out                               ; 35                  ;
; Average fan-out                             ; 0.67                ;
+---------------------------------------------+---------------------+


+----------------------------------------------------------------------------------------------------------------------------------------------------------------------------------------------------------+
; Analysis & Synthesis Resource Utilization by Entity                                                                                                                                                      ;
+----------------------------+---------------------+---------------------------+-------------+--------------+---------+-----------+------+--------------+---------------------+-------------+--------------+
; Compilation Hierarchy Node ; Combinational ALUTs ; Dedicated Logic Registers ; Memory Bits ; DSP Elements ; DSP 9x9 ; DSP 18x18 ; Pins ; Virtual Pins ; Full Hierarchy Name ; Entity Name ; Library Name ;
+----------------------------+---------------------+---------------------------+-------------+--------------+---------+-----------+------+--------------+---------------------+-------------+--------------+
; |main                      ; 0 (0)               ; 0 (0)                     ; 0           ; 0            ; 0       ; 0         ; 26   ; 0            ; |main               ; main        ; work         ;
+----------------------------+---------------------+---------------------------+-------------+--------------+---------+-----------+------+--------------+---------------------+-------------+--------------+
Note: For table entries with two numbers listed, the numbers in parentheses indicate the number of resources of the given type used by the specific entity alone. The numbers listed outside of parentheses indicate the total resources of the given type used by the specific entity and all of its sub-entities in the hierarchy.


+---------------------------------------------------------------------------------------------------------+
; Registers Removed During Synthesis                                                                      ;
+-----------------------------------------------------------+---------------------------------------------+
; Register name                                             ; Reason for Removal                          ;
+-----------------------------------------------------------+---------------------------------------------+
; NewStart:inst3|in_signal                                  ; Stuck at VCC due to stuck port data_in      ;
; PseudoPll:inst1|edges_per_on_cycle[0..31]                 ; Stuck at GND due to stuck port data_in      ;
; PseudoPll:inst1|clk_out                                   ; Stuck at GND due to stuck port clock_enable ;
; SAR:inst5|curr_bit[3..5]                                  ; Stuck at GND due to stuck port clock        ;
; SAR:inst5|curr_bit[0..2]                                  ; Stuck at VCC due to stuck port clock        ;
; SAR:inst5|curr_bit[6..31]                                 ; Stuck at GND due to stuck port clock        ;
; SAR:inst5|reset                                           ; Stuck at GND due to stuck port clock        ;
; SAR:inst5|sh                                              ; Stuck at VCC due to stuck port clock        ;
; SAR:inst5|data[0..6]                                      ; Stuck at GND due to stuck port clock        ;
; SAR:inst5|data[7]                                         ; Stuck at VCC due to stuck port clock        ;
; SAR:inst5|eoc                                             ; Stuck at GND due to stuck port clock        ;
; SAR:inst5|up_counter_mod34:up_counter_33|counter_up[0..4] ; Stuck at GND due to stuck port clock        ;
; NewStart:inst3|Sustain:inst|counter[0,1]                  ; Stuck at GND due to stuck port clock        ;
; NewStart:inst3|Sustain:inst|new_start                     ; Stuck at GND due to stuck port clock        ;
; DeltaMod:inst|counter[0..7]                               ; Stuck at GND due to stuck port clock        ;
; PseudoPll:inst1|counter[0..15]                            ; Lost fanout                                 ;
; Total Number of Removed Registers = 109                   ;                                             ;
+-----------------------------------------------------------+---------------------------------------------+


+--------------------------------------------------------------------------------------------------------------------------------------------------------------+
; Removed Registers Triggering Further Register Optimizations                                                                                                  ;
+----------------------------------------+---------------------------+-----------------------------------------------------------------------------------------+
; Register name                          ; Reason for Removal        ; Registers Removed due to This Register                                                  ;
+----------------------------------------+---------------------------+-----------------------------------------------------------------------------------------+
; PseudoPll:inst1|edges_per_on_cycle[31] ; Stuck at GND              ; PseudoPll:inst1|clk_out, SAR:inst5|curr_bit[5], SAR:inst5|curr_bit[4],                  ;
;                                        ; due to stuck port data_in ; SAR:inst5|curr_bit[3], SAR:inst5|curr_bit[2], SAR:inst5|curr_bit[1],                    ;
;                                        ;                           ; SAR:inst5|curr_bit[0], SAR:inst5|curr_bit[6], SAR:inst5|curr_bit[7],                    ;
;                                        ;                           ; SAR:inst5|curr_bit[8], SAR:inst5|curr_bit[9], SAR:inst5|curr_bit[10],                   ;
;                                        ;                           ; SAR:inst5|curr_bit[11], SAR:inst5|curr_bit[12], SAR:inst5|curr_bit[13],                 ;
;                                        ;                           ; SAR:inst5|curr_bit[14], SAR:inst5|curr_bit[15], SAR:inst5|curr_bit[16],                 ;
;                                        ;                           ; SAR:inst5|curr_bit[17], SAR:inst5|curr_bit[18], SAR:inst5|curr_bit[19],                 ;
;                                        ;                           ; SAR:inst5|curr_bit[20], SAR:inst5|curr_bit[21], SAR:inst5|curr_bit[22],                 ;
;                                        ;                           ; SAR:inst5|curr_bit[23], SAR:inst5|curr_bit[24], SAR:inst5|curr_bit[25],                 ;
;                                        ;                           ; SAR:inst5|curr_bit[26], SAR:inst5|curr_bit[27], SAR:inst5|curr_bit[28],                 ;
;                                        ;                           ; SAR:inst5|curr_bit[29], SAR:inst5|curr_bit[30], SAR:inst5|curr_bit[31],                 ;
;                                        ;                           ; SAR:inst5|reset, SAR:inst5|sh, SAR:inst5|data[0], SAR:inst5|data[1], SAR:inst5|data[2], ;
;                                        ;                           ; SAR:inst5|data[3], SAR:inst5|data[4], SAR:inst5|data[5], SAR:inst5|data[6],             ;
;                                        ;                           ; SAR:inst5|data[7], SAR:inst5|eoc,                                                       ;
;                                        ;                           ; SAR:inst5|up_counter_mod34:up_counter_33|counter_up[0],                                 ;
;                                        ;                           ; SAR:inst5|up_counter_mod34:up_counter_33|counter_up[4],                                 ;
;                                        ;                           ; SAR:inst5|up_counter_mod34:up_counter_33|counter_up[3],                                 ;
;                                        ;                           ; SAR:inst5|up_counter_mod34:up_counter_33|counter_up[2],                                 ;
;                                        ;                           ; SAR:inst5|up_counter_mod34:up_counter_33|counter_up[1],                                 ;
;                                        ;                           ; NewStart:inst3|Sustain:inst|counter[0], NewStart:inst3|Sustain:inst|counter[1],         ;
;                                        ;                           ; DeltaMod:inst|counter[4], DeltaMod:inst|counter[3], DeltaMod:inst|counter[2],           ;
;                                        ;                           ; DeltaMod:inst|counter[1], DeltaMod:inst|counter[0], DeltaMod:inst|counter[5],           ;
;                                        ;                           ; DeltaMod:inst|counter[6], DeltaMod:inst|counter[7]                                      ;
; NewStart:inst3|in_signal               ; Stuck at VCC              ; NewStart:inst3|Sustain:inst|new_start                                                   ;
;                                        ; due to stuck port data_in ;                                                                                         ;
+----------------------------------------+---------------------------+-----------------------------------------------------------------------------------------+


+------------------------------------------------------+
; General Register Statistics                          ;
+----------------------------------------------+-------+
; Statistic                                    ; Value ;
+----------------------------------------------+-------+
; Total registers                              ; 0     ;
; Number of registers using Synchronous Clear  ; 0     ;
; Number of registers using Synchronous Load   ; 0     ;
; Number of registers using Asynchronous Clear ; 0     ;
; Number of registers using Asynchronous Load  ; 0     ;
; Number of registers using Clock Enable       ; 0     ;
; Number of registers using Preset             ; 0     ;
+----------------------------------------------+-------+


+--------------------------------------------------------------+
; Parameter Settings for User Entity Instance: PseudoPll:inst1 ;
+----------------+--------+------------------------------------+
; Parameter Name ; Value  ; Type                               ;
+----------------+--------+------------------------------------+
; F_CLK_MIN      ; 6000   ; Signed Integer                     ;
; F_CLK_MAX      ; 800000 ; Signed Integer                     ;
; MIN_CLK_STEP   ; 3113   ; Signed Integer                     ;
+----------------+--------+------------------------------------+
Note: In order to hide this table in the UI and the text report file, please set the "Show Parameter Settings in Synthesis Report" option in "Analysis and Synthesis Settings -> More Settings" to "Off".


+------------------------------------------------------------------+
; Parameter Settings for User Entity Instance: OutputEnabler:inst4 ;
+----------------+-------+-----------------------------------------+
; Parameter Name ; Value ; Type                                    ;
+----------------+-------+-----------------------------------------+
; BUS_SIZE       ; 8     ; Signed Integer                          ;
+----------------+-------+-----------------------------------------+
Note: In order to hide this table in the UI and the text report file, please set the "Show Parameter Settings in Synthesis Report" option in "Analysis and Synthesis Settings -> More Settings" to "Off".


+--------------------------------------------------------------+
; Parameter Settings for User Entity Instance: MuxSalida:inst2 ;
+----------------+-------+-------------------------------------+
; Parameter Name ; Value ; Type                                ;
+----------------+-------+-------------------------------------+
; BUS_SIZE       ; 8     ; Signed Integer                      ;
+----------------+-------+-------------------------------------+
Note: In order to hide this table in the UI and the text report file, please set the "Show Parameter Settings in Synthesis Report" option in "Analysis and Synthesis Settings -> More Settings" to "Off".


+-----------------------------------------------------+
; Post-Synthesis Netlist Statistics for Top Partition ;
+-----------------------+-----------------------------+
; Type                  ; Count                       ;
+-----------------------+-----------------------------+
; boundary_port         ; 26                          ;
; cycloneiii_io_obuf    ; 8                           ;
; cycloneiii_lcell_comb ; 2                           ;
;     normal            ; 2                           ;
;         0 data inputs ; 2                           ;
;                       ;                             ;
; Max LUT depth         ; 0.00                        ;
; Average LUT depth     ; 0.00                        ;
+-----------------------+-----------------------------+


+-------------------------------+
; Elapsed Time Per Partition    ;
+----------------+--------------+
; Partition Name ; Elapsed Time ;
+----------------+--------------+
; Top            ; 00:00:02     ;
+----------------+--------------+


+-------------------------------+
; Analysis & Synthesis Messages ;
+-------------------------------+
Info: *******************************************************************
Info: Running Quartus Prime Analysis & Synthesis
    Info: Version 18.1.0 Build 625 09/12/2018 SJ Lite Edition
    Info: Processing started: Tue Jun 11 10:38:38 2019
Info: Command: quartus_map --read_settings_files=on --write_settings_files=off LogicaADA -c LogicaADA
Warning (18236): Number of processors has not been specified which may cause overloading on shared machines.  Set the global assignment NUM_PARALLEL_PROCESSORS in your QSF to an appropriate value for best performance.
Info (20030): Parallel compilation is enabled and will use 2 of the 2 processors detected
Info (12021): Found 1 design units, including 1 entities, in source file main.bdf
    Info (12023): Found entity 1: main
Info (12021): Found 1 design units, including 1 entities, in source file sustain.v
    Info (12023): Found entity 1: Sustain File: C:/Users/HP/Documents/ITBA/Tercer Año/ASSD/TPs/ASSD-TP3/Quartus/Sustain.v Line: 3
Info (12127): Elaborating entity "main" for the top level hierarchy
Warning (12125): Using design file newstart.v, which is not specified as a design file for the current project, but contains definitions for 1 design units and 1 entities in project
    Info (12023): Found entity 1: NewStart File: C:/Users/HP/Documents/ITBA/Tercer Año/ASSD/TPs/ASSD-TP3/Quartus/newstart.v Line: 4
Info (12128): Elaborating entity "NewStart" for hierarchy "NewStart:inst3"
Info (12128): Elaborating entity "Sustain" for hierarchy "NewStart:inst3|Sustain:inst" File: C:/Users/HP/Documents/ITBA/Tercer Año/ASSD/TPs/ASSD-TP3/Quartus/newstart.v Line: 13
Warning (10230): Verilog HDL assignment warning at Sustain.v(22): truncated value with size 32 to match size of target (2) File: C:/Users/HP/Documents/ITBA/Tercer Año/ASSD/TPs/ASSD-TP3/Quartus/Sustain.v Line: 22
Warning (12125): Using design file mux2.v, which is not specified as a design file for the current project, but contains definitions for 1 design units and 1 entities in project
    Info (12023): Found entity 1: mux2 File: C:/Users/HP/Documents/ITBA/Tercer Año/ASSD/TPs/ASSD-TP3/Quartus/mux2.v Line: 3
Info (12128): Elaborating entity "mux2" for hierarchy "mux2:inst8"
Warning (12125): Using design file sar.v, which is not specified as a design file for the current project, but contains definitions for 1 design units and 1 entities in project
    Info (12023): Found entity 1: SAR File: C:/Users/HP/Documents/ITBA/Tercer Año/ASSD/TPs/ASSD-TP3/Quartus/sar.v Line: 1
Info (12128): Elaborating entity "SAR" for hierarchy "SAR:inst5"
Warning (12125): Using design file up_counter_mod34.v, which is not specified as a design file for the current project, but contains definitions for 1 design units and 1 entities in project
    Info (12023): Found entity 1: up_counter_mod34 File: C:/Users/HP/Documents/ITBA/Tercer Año/ASSD/TPs/ASSD-TP3/Quartus/up_counter_mod34.v Line: 1
Info (12128): Elaborating entity "up_counter_mod34" for hierarchy "SAR:inst5|up_counter_mod34:up_counter_33" File: C:/Users/HP/Documents/ITBA/Tercer Año/ASSD/TPs/ASSD-TP3/Quartus/sar.v Line: 10
Warning (12125): Using design file pseudopll.v, which is not specified as a design file for the current project, but contains definitions for 1 design units and 1 entities in project
    Info (12023): Found entity 1: PseudoPll File: C:/Users/HP/Documents/ITBA/Tercer Año/ASSD/TPs/ASSD-TP3/Quartus/pseudopll.v Line: 7
Info (12128): Elaborating entity "PseudoPll" for hierarchy "PseudoPll:inst1"
Warning (10216): Verilog HDL warning at pseudopll.v(32): expression attempts to divide or modulo by zero. Treated expression value as Don't Care (X) during synthesis. File: C:/Users/HP/Documents/ITBA/Tercer Año/ASSD/TPs/ASSD-TP3/Quartus/pseudopll.v Line: 32
Warning (10230): Verilog HDL assignment warning at pseudopll.v(34): truncated value with size 32 to match size of target (16) File: C:/Users/HP/Documents/ITBA/Tercer Año/ASSD/TPs/ASSD-TP3/Quartus/pseudopll.v Line: 34
Warning (12125): Using design file outputenabler.v, which is not specified as a design file for the current project, but contains definitions for 1 design units and 1 entities in project
    Info (12023): Found entity 1: OutputEnabler File: C:/Users/HP/Documents/ITBA/Tercer Año/ASSD/TPs/ASSD-TP3/Quartus/outputenabler.v Line: 4
Info (12128): Elaborating entity "OutputEnabler" for hierarchy "OutputEnabler:inst4"
Warning (10230): Verilog HDL assignment warning at outputenabler.v(13): truncated value with size 32 to match size of target (8) File: C:/Users/HP/Documents/ITBA/Tercer Año/ASSD/TPs/ASSD-TP3/Quartus/outputenabler.v Line: 13
Warning (12125): Using design file muxsalida.v, which is not specified as a design file for the current project, but contains definitions for 1 design units and 1 entities in project
    Info (12023): Found entity 1: MuxSalida File: C:/Users/HP/Documents/ITBA/Tercer Año/ASSD/TPs/ASSD-TP3/Quartus/muxsalida.v Line: 4
Info (12128): Elaborating entity "MuxSalida" for hierarchy "MuxSalida:inst2"
Warning (12125): Using design file deltamod.v, which is not specified as a design file for the current project, but contains definitions for 1 design units and 1 entities in project
    Info (12023): Found entity 1: DeltaMod File: C:/Users/HP/Documents/ITBA/Tercer Año/ASSD/TPs/ASSD-TP3/Quartus/deltamod.v Line: 3
Info (12128): Elaborating entity "DeltaMod" for hierarchy "DeltaMod:inst"
Warning (10230): Verilog HDL assignment warning at deltamod.v(18): truncated value with size 32 to match size of target (8) File: C:/Users/HP/Documents/ITBA/Tercer Año/ASSD/TPs/ASSD-TP3/Quartus/deltamod.v Line: 18
Warning (10230): Verilog HDL assignment warning at deltamod.v(23): truncated value with size 32 to match size of target (8) File: C:/Users/HP/Documents/ITBA/Tercer Año/ASSD/TPs/ASSD-TP3/Quartus/deltamod.v Line: 23
Warning (13024): Output pins are stuck at VCC or GND
    Warning (13410): Pin "LE" is stuck at VCC
    Warning (13410): Pin "New_start" is stuck at GND
    Warning (13410): Pin "Clock_output" is stuck at GND
    Warning (13410): Pin "SH" is stuck at VCC
Info (17049): 16 registers lost all their fanouts during netlist optimizations.
Info (144001): Generated suppressed messages file C:/Users/HP/Documents/ITBA/Tercer Año/ASSD/TPs/ASSD-TP3/Quartus/output_files/LogicaADA.map.smsg
Info (16010): Generating hard_block partition "hard_block:auto_generated_inst"
    Info (16011): Adding 0 node(s), including 0 DDIO, 0 PLL, 0 transceiver and 0 LCELL
Warning (21074): Design contains 12 input pin(s) that do not drive logic
    Warning (15610): No output dependent on input pin "EOC_integrado"
    Warning (15610): No output dependent on input pin "Start"
    Warning (15610): No output dependent on input pin "Clk_50MHz"
    Warning (15610): No output dependent on input pin "clk_switches[7]"
    Warning (15610): No output dependent on input pin "clk_switches[6]"
    Warning (15610): No output dependent on input pin "clk_switches[5]"
    Warning (15610): No output dependent on input pin "clk_switches[4]"
    Warning (15610): No output dependent on input pin "clk_switches[3]"
    Warning (15610): No output dependent on input pin "clk_switches[2]"
    Warning (15610): No output dependent on input pin "clk_switches[1]"
    Warning (15610): No output dependent on input pin "clk_switches[0]"
    Warning (15610): No output dependent on input pin "Comparador"
Info (21057): Implemented 26 device resources after synthesis - the final resource count might be different
    Info (21058): Implemented 14 input pins
    Info (21059): Implemented 12 output pins
Info: Quartus Prime Analysis & Synthesis was successful. 0 errors, 33 warnings
    Info: Peak virtual memory: 4752 megabytes
    Info: Processing ended: Tue Jun 11 10:39:05 2019
    Info: Elapsed time: 00:00:27
    Info: Total CPU time (on all processors): 00:00:45


+------------------------------------------+
; Analysis & Synthesis Suppressed Messages ;
+------------------------------------------+
The suppressed messages can be found in C:/Users/HP/Documents/ITBA/Tercer Año/ASSD/TPs/ASSD-TP3/Quartus/output_files/LogicaADA.map.smsg.


