#! /usr/bin/vvp
:ivl_version "10.1 (stable)";
:ivl_delay_selection "TYPICAL";
:vpi_time_precision + 0;
:vpi_module "system";
:vpi_module "vhdl_sys";
:vpi_module "v2005_math";
:vpi_module "va_math";
S_0xa189d60 .scope module, "PseudoPll" "PseudoPll" 2 7;
 .timescale 0 0;
    .port_info 0 /INPUT 1 "clk_in"
    .port_info 1 /INPUT 8 "freq_param"
    .port_info 2 /OUTPUT 1 "clk_out"
P_0xa1525b0 .param/l "F_CLK_MAX" 0 2 14, +C4<00000000000000011000011010100000>;
P_0xa1525d0 .param/l "F_CLK_MIN" 0 2 13, +C4<00000000000000000001011101110000>;
P_0xa1525f0 .param/l "MIN_CLK_STEP" 0 2 15, +C4<000000000000000000000000101101111>;
o0xa189fe4 .functor BUFZ 1, C4<z>; HiZ drive
v0xa189f80_0 .net "clk_in", 0 0, o0xa189fe4;  0 drivers
v0xa1b1fa0_0 .var "clk_out", 0 0;
v0xa1b2010_0 .var "counter", 15 0;
v0xa1b2080_0 .var "desired_clk", 31 0;
v0xa1b2100_0 .var "edges_per_on_cycle", 31 0;
o0xa18a05c .functor BUFZ 8, C4<zzzzzzzz>; HiZ drive
v0xa1b21b0_0 .net "freq_param", 7 0, o0xa18a05c;  0 drivers
E_0xa189f50 .event posedge, v0xa189f80_0;
    .scope S_0xa189d60;
T_0 ;
    %pushi/vec4 0, 0, 16;
    %store/vec4 v0xa1b2010_0, 0, 16;
    %pushi/vec4 0, 0, 1;
    %store/vec4 v0xa1b1fa0_0, 0, 1;
    %end;
    .thread T_0;
    .scope S_0xa189d60;
T_1 ;
    %wait E_0xa189f50;
    %load/vec4 v0xa1b21b0_0;
    %pad/u 33;
    %muli 367, 0, 33;
    %addi 6000, 0, 33;
    %pad/u 32;
    %assign/vec4 v0xa1b2080_0, 0;
    %pushi/vec4 1, 0, 32;
    %ix/vec4/s 4;
    %cvt/rs 4;
    %load/vec4 v0xa1b2080_0;
    %muli 2, 0, 32;
    %ix/vec4 4;
    %cvt/ru 4;
    %pushi/real 1125899906, 4046; load=1.00000e-06
    %pushi/real 3534221, 4024; load=1.00000e-06
    %add/wr;
    %mul/wr;
    %div/wr;
    %cvt/vr 32;
    %assign/vec4 v0xa1b2100_0, 0;
    %load/vec4 v0xa1b2010_0;
    %pad/u 32;
    %load/vec4 v0xa1b2100_0;
    %subi 1, 0, 32;
    %cmp/u;
    %jmp/0xz  T_1.0, 5;
    %load/vec4 v0xa1b2010_0;
    %addi 1, 0, 16;
    %assign/vec4 v0xa1b2010_0, 0;
    %jmp T_1.1;
T_1.0 ;
    %pushi/vec4 0, 0, 16;
    %assign/vec4 v0xa1b2010_0, 0;
    %load/vec4 v0xa1b1fa0_0;
    %inv;
    %assign/vec4 v0xa1b1fa0_0, 0;
T_1.1 ;
    %jmp T_1;
    .thread T_1;
# The file index is used to find the file name in the following table.
:file_names 3;
    "N/A";
    "<interactive>";
    "PseudoPLL.v";
