#! /usr/bin/vvp
:ivl_version "10.1 (stable)";
:ivl_delay_selection "TYPICAL";
:vpi_time_precision + 0;
:vpi_module "system";
:vpi_module "vhdl_sys";
:vpi_module "v2005_math";
:vpi_module "va_math";
S_0x9598630 .scope module, "logica" "logica" 2 1;
 .timescale 0 0;
    .port_info 0 /INPUT 1 "start"
    .port_info 1 /INPUT 1 "clk"
    .port_info 2 /INPUT 1 "cmp_in"
    .port_info 3 /OUTPUT 8 "data"
    .port_info 4 /OUTPUT 1 "sh"
    .port_info 5 /OUTPUT 1 "eoc"
o0x9598934 .functor BUFZ 1, C4<z>; HiZ drive
v0x95c09a0_0 .net "clk", 0 0, o0x9598934;  0 drivers
o0x95989c4 .functor BUFZ 1, C4<z>; HiZ drive
v0x95c0a00_0 .net "cmp_in", 0 0, o0x95989c4;  0 drivers
v0x95c0a60_0 .var/i "curr_bit", 31 0;
v0x95c0ad0_0 .var "data", 7 0;
v0x95c0b50_0 .var "eoc", 0 0;
v0x95c0bf0_0 .var "reset", 0 0;
v0x95c0c50_0 .var "sh", 0 0;
o0x9598a3c .functor BUFZ 1, C4<z>; HiZ drive
v0x95c0cb0_0 .net "start", 0 0, o0x9598a3c;  0 drivers
v0x95c0d20_0 .net "tick_count", 4 0, v0x95c0880_0;  1 drivers
E_0x95982b0 .event posedge, v0x95988d0_0;
S_0x9598760 .scope module, "up_counter_33" "up_counter_mod34" 2 10, 3 1 0, S_0x9598630;
 .timescale 0 0;
    .port_info 0 /INPUT 1 "clk"
    .port_info 1 /INPUT 1 "reset"
    .port_info 2 /OUTPUT 5 "counter_up"
v0x95988d0_0 .net "clk", 0 0, o0x9598934;  alias, 0 drivers
v0x95c0880_0 .var "counter_up", 4 0;
v0x95c0900_0 .net "reset", 0 0, v0x95c0bf0_0;  1 drivers
E_0x9598890 .event posedge, v0x95c0900_0, v0x95988d0_0;
    .scope S_0x9598760;
T_0 ;
    %wait E_0x9598890;
    %load/vec4 v0x95c0900_0;
    %flag_set/vec4 8;
    %jmp/0xz  T_0.0, 8;
    %pushi/vec4 0, 0, 5;
    %assign/vec4 v0x95c0880_0, 0;
    %jmp T_0.1;
T_0.0 ;
    %load/vec4 v0x95c0880_0;
    %addi 1, 0, 5;
    %assign/vec4 v0x95c0880_0, 0;
    %load/vec4 v0x95c0880_0;
    %cmpi/e 10, 0, 5;
    %jmp/0xz  T_0.2, 4;
    %pushi/vec4 0, 0, 5;
    %assign/vec4 v0x95c0880_0, 0;
T_0.2 ;
T_0.1 ;
    %jmp T_0;
    .thread T_0;
    .scope S_0x9598630;
T_1 ;
    %pushi/vec4 0, 0, 1;
    %assign/vec4 v0x95c0bf0_0, 0;
    %pushi/vec4 128, 0, 8;
    %assign/vec4 v0x95c0ad0_0, 0;
    %pushi/vec4 0, 0, 1;
    %assign/vec4 v0x95c0b50_0, 0;
    %pushi/vec4 1, 0, 1;
    %assign/vec4 v0x95c0c50_0, 0;
    %pushi/vec4 0, 0, 32;
    %store/vec4 v0x95c0a60_0, 0, 32;
    %end;
    .thread T_1;
    .scope S_0x9598630;
T_2 ;
    %wait E_0x95982b0;
    %load/vec4 v0x95c0cb0_0;
    %pad/u 32;
    %cmpi/e 1, 0, 32;
    %flag_mov 8, 4;
    %load/vec4 v0x95c0b50_0;
    %pad/u 32;
    %cmpi/e 1, 0, 32;
    %flag_or 4, 8;
    %jmp/0xz  T_2.0, 4;
    %pushi/vec4 0, 0, 1;
    %assign/vec4 v0x95c0b50_0, 0;
    %pushi/vec4 128, 0, 8;
    %assign/vec4 v0x95c0ad0_0, 0;
    %pushi/vec4 1, 0, 1;
    %assign/vec4 v0x95c0c50_0, 0;
    %pushi/vec4 1, 0, 1;
    %assign/vec4 v0x95c0bf0_0, 0;
    %pushi/vec4 0, 0, 32;
    %store/vec4 v0x95c0a60_0, 0, 32;
    %jmp T_2.1;
T_2.0 ;
    %pushi/vec4 0, 0, 1;
    %assign/vec4 v0x95c0bf0_0, 0;
    %pushi/vec4 0, 0, 1;
    %assign/vec4 v0x95c0b50_0, 0;
    %pushi/vec4 8, 0, 5;
    %load/vec4 v0x95c0d20_0;
    %cmp/u;
    %flag_or 5, 4;
    %jmp/0xz  T_2.2, 5;
    %pushi/vec4 0, 0, 1;
    %assign/vec4 v0x95c0c50_0, 0;
    %pushi/vec4 9, 0, 5;
    %load/vec4 v0x95c0d20_0;
    %cmp/u;
    %flag_or 5, 4;
    %jmp/0xz  T_2.4, 5;
    %load/vec4 v0x95c0a00_0;
    %pad/u 32;
    %cmpi/e 0, 0, 32;
    %jmp/0xz  T_2.6, 4;
    %pushi/vec4 0, 0, 1;
    %ix/getv/s 4, v0x95c0a60_0;
    %store/vec4 v0x95c0ad0_0, 4, 1;
    %jmp T_2.7;
T_2.6 ;
    %pushi/vec4 1, 0, 1;
    %ix/getv/s 4, v0x95c0a60_0;
    %store/vec4 v0x95c0ad0_0, 4, 1;
T_2.7 ;
    %load/vec4 v0x95c0a60_0;
    %addi 1, 0, 32;
    %store/vec4 v0x95c0a60_0, 0, 32;
    %load/vec4 v0x95c0a60_0;
    %cmpi/e 9, 0, 32;
    %jmp/0xz  T_2.8, 4;
    %pushi/vec4 1, 0, 1;
    %assign/vec4 v0x95c0b50_0, 0;
T_2.8 ;
T_2.4 ;
T_2.2 ;
T_2.1 ;
    %jmp T_2;
    .thread T_2;
# The file index is used to find the file name in the following table.
:file_names 4;
    "N/A";
    "<interactive>";
    "logic_m.v";
    "up_counter_mod34.v";
