[0517/184137:WARNING:dns_config_service_win.cc(665)] Failed to read DnsConfig.
[0517/184142:WARNING:dns_config_service_win.cc(665)] Failed to read DnsConfig.
[0517/184147:WARNING:dns_config_service_win.cc(665)] Failed to read DnsConfig.
[0517/184152:WARNING:dns_config_service_win.cc(665)] Failed to read DnsConfig.
[0517/184157:WARNING:dns_config_service_win.cc(665)] Failed to read DnsConfig.
[0517/184202:WARNING:dns_config_service_win.cc(665)] Failed to read DnsConfig.
[0517/184207:WARNING:dns_config_service_win.cc(665)] Failed to read DnsConfig.
[0517/184208:ERROR:backend_impl.cc(2020)] Corrupt Index file
[0517/184208:ERROR:cache_util_win.cc(20)] Unable to move the cache: 5
[0517/184208:ERROR:cache_util.cc(134)] Unable to move cache folder C:\ProgramData\Altium\Altium Designer {D1D1BAFB-8421-4E26-984D-5388B5EC3E32}\BrowserCache to C:\ProgramData\Altium\Altium Designer {D1D1BAFB-8421-4E26-984D-5388B5EC3E32}\old_BrowserCache_000
[0517/184208:ERROR:cache_creator.cc(129)] Unable to create cache
[0517/184212:WARNING:dns_config_service_win.cc(665)] Failed to read DnsConfig.
[0517/184217:WARNING:dns_config_service_win.cc(665)] Failed to read DnsConfig.
[0517/184222:WARNING:dns_config_service_win.cc(665)] Failed to read DnsConfig.
[0517/184227:WARNING:dns_config_service_win.cc(665)] Failed to read DnsConfig.
[0517/184232:WARNING:dns_config_service_win.cc(665)] Failed to read DnsConfig.
[0517/184237:WARNING:dns_config_service_win.cc(665)] Failed to read DnsConfig.
[0517/184242:WARNING:dns_config_service_win.cc(665)] Failed to read DnsConfig.
[0517/184247:WARNING:dns_config_service_win.cc(665)] Failed to read DnsConfig.
[0517/184252:WARNING:dns_config_service_win.cc(665)] Failed to read DnsConfig.
[0517/184257:WARNING:dns_config_service_win.cc(665)] Failed to read DnsConfig.
[0517/184302:WARNING:dns_config_service_win.cc(665)] Failed to read DnsConfig.
[0517/184307:WARNING:dns_config_service_win.cc(665)] Failed to read DnsConfig.
[0517/184312:WARNING:dns_config_service_win.cc(665)] Failed to read DnsConfig.
[0517/184317:WARNING:dns_config_service_win.cc(665)] Failed to read DnsConfig.
[0517/184322:WARNING:dns_config_service_win.cc(665)] Failed to read DnsConfig.
[0517/184327:WARNING:dns_config_service_win.cc(665)] Failed to read DnsConfig.
[0517/184332:WARNING:dns_config_service_win.cc(665)] Failed to read DnsConfig.
